-------------------------------------------------------------------------------
Test set: com.bezkoder.spring.data.mongodb.SpringBootDataMongodbApplicationTests
-------------------------------------------------------------------------------
Tests run: 1, Failures: 0, Errors: 1, Skipped: 0, Time elapsed: 0.459 s <<< FAILURE! - in com.bezkoder.spring.data.mongodb.SpringBootDataMongodbApplicationTests
com.bezkoder.spring.data.mongodb.SpringBootDataMongodbApplicationTests  Time elapsed: 0.432 s  <<< ERROR!
java.lang.IllegalStateException: Unable to find a @SpringBootConfiguration, you need to use @ContextConfiguration or @SpringBootTest(classes=...) with your test

