<?xml version="1.0" encoding="UTF-8"?>
<testsuite xmlns:xsi="http://www.w3.org/2001/XMLSchema-instance" xsi:noNamespaceSchemaLocation="https://maven.apache.org/surefire/maven-surefire-plugin/xsd/surefire-test-report.xsd" name="com.bezkoder.spring.data.mongodb.SpringBootDataMongodbApplicationTests" time="0.459" tests="1" errors="1" skipped="0" failures="0">
  <properties>
[...]
</properties>
  <testcase name="com.bezkoder.spring.data.mongodb.SpringBootDataMongodbApplicationTests" classname="com.bezkoder.spring.data.mongodb.SpringBootDataMongodbApplicationTests" time="0.432">
    <error message="Unable to find a @SpringBootConfiguration, you need to use @ContextConfiguration or @SpringBootTest(classes=...) with your test" type="java.lang.IllegalStateException">java.lang.IllegalStateException: Unable to find a @SpringBootConfiguration, you need to use @ContextConfiguration or @SpringBootTest(classes=...) with your test
</error>
    <system-out><![CDATA[17:49:23.090 [main] DEBUG org.springframework.test.context.BootstrapUtils - Instantiating CacheAwareContextLoaderDelegate from class [org.springframework.test.context.cache.DefaultCacheAwareContextLoaderDelegate]
17:49:23.108 [main] DEBUG org.springframework.test.context.BootstrapUtils - Instantiating BootstrapContext using constructor [public org.springframework.test.context.support.DefaultBootstrapContext(java.lang.Class,org.springframework.test.context.CacheAwareContextLoaderDelegate)]
17:49:23.166 [main] DEBUG org.springframework.test.context.BootstrapUtils - Instantiating TestContextBootstrapper for test class [com.bezkoder.spring.data.mongodb.SpringBootDataMongodbApplicationTests] from class [org.springframework.boot.test.context.SpringBootTestContextBootstrapper]
17:49:23.197 [main] INFO org.springframework.boot.test.context.SpringBootTestContextBootstrapper - Neither @ContextConfiguration nor @ContextHierarchy found for test class [com.bezkoder.spring.data.mongodb.SpringBootDataMongodbApplicationTests], using SpringBootContextLoader
17:49:23.205 [main] DEBUG org.springframework.test.context.support.AbstractContextLoader - Did not detect default resource location for test class [com.bezkoder.spring.data.mongodb.SpringBootDataMongodbApplicationTests]: class path resource [com/bezkoder/spring/data/mongodb/SpringBootDataMongodbApplicationTests-context.xml] does not exist
17:49:23.206 [main] DEBUG org.springframework.test.context.support.AbstractContextLoader - Did not detect default resource location for test class [com.bezkoder.spring.data.mongodb.SpringBootDataMongodbApplicationTests]: class path resource [com/bezkoder/spring/data/mongodb/SpringBootDataMongodbApplicationTestsContext.groovy] does not exist
17:49:23.206 [main] INFO org.springframework.test.context.support.AbstractContextLoader - Could not detect default resource locations for test class [com.bezkoder.spring.data.mongodb.SpringBootDataMongodbApplicationTests]: no resource found for suffixes {-context.xml, Context.groovy}.
17:49:23.207 [main] INFO org.springframework.test.context.support.AnnotationConfigContextLoaderUtils - Could not detect default configuration classes for test class [com.bezkoder.spring.data.mongodb.SpringBootDataMongodbApplicationTests]: SpringBootDataMongodbApplicationTests does not declare any static, non-private, non-final, nested classes annotated with @Configuration.
17:49:23.272 [main] DEBUG org.springframework.test.context.support.ActiveProfilesUtils - Could not find an 'annotation declaring class' for annotation type [org.springframework.test.context.ActiveProfiles] and class [com.bezkoder.spring.data.mongodb.SpringBootDataMongodbApplicationTests]
17:49:23.379 [main] DEBUG org.springframework.test.context.BootstrapUtils - Instantiating CacheAwareContextLoaderDelegate from class [org.springframework.test.context.cache.DefaultCacheAwareContextLoaderDelegate]
17:49:23.379 [main] DEBUG org.springframework.test.context.BootstrapUtils - Instantiating BootstrapContext using constructor [public org.springframework.test.context.support.DefaultBootstrapContext(java.lang.Class,org.springframework.test.context.CacheAwareContextLoaderDelegate)]
17:49:23.380 [main] DEBUG org.springframework.test.context.BootstrapUtils - Instantiating TestContextBootstrapper for test class [com.bezkoder.spring.data.mongodb.SpringBootDataMongodbApplicationTests] from class [org.springframework.boot.test.context.SpringBootTestContextBootstrapper]
17:49:23.381 [main] INFO org.springframework.boot.test.context.SpringBootTestContextBootstrapper - Neither @ContextConfiguration nor @ContextHierarchy found for test class [com.bezkoder.spring.data.mongodb.SpringBootDataMongodbApplicationTests], using SpringBootContextLoader
17:49:23.381 [main] DEBUG org.springframework.test.context.support.AbstractContextLoader - Did not detect default resource location for test class [com.bezkoder.spring.data.mongodb.SpringBootDataMongodbApplicationTests]: class path resource [com/bezkoder/spring/data/mongodb/SpringBootDataMongodbApplicationTests-context.xml] does not exist
17:49:23.381 [main] DEBUG org.springframework.test.context.support.AbstractContextLoader - Did not detect default resource location for test class [com.bezkoder.spring.data.mongodb.SpringBootDataMongodbApplicationTests]: class path resource [com/bezkoder/spring/data/mongodb/SpringBootDataMongodbApplicationTestsContext.groovy] does not exist
17:49:23.382 [main] INFO org.springframework.test.context.support.AbstractContextLoader - Could not detect default resource locations for test class [com.bezkoder.spring.data.mongodb.SpringBootDataMongodbApplicationTests]: no resource found for suffixes {-context.xml, Context.groovy}.
17:49:23.382 [main] INFO org.springframework.test.context.support.AnnotationConfigContextLoaderUtils - Could not detect default configuration classes for test class [com.bezkoder.spring.data.mongodb.SpringBootDataMongodbApplicationTests]: SpringBootDataMongodbApplicationTests does not declare any static, non-private, non-final, nested classes annotated with @Configuration.
17:49:23.383 [main] DEBUG org.springframework.test.context.support.ActiveProfilesUtils - Could not find an 'annotation declaring class' for annotation type [org.springframework.test.context.ActiveProfiles] and class [com.bezkoder.spring.data.mongodb.SpringBootDataMongodbApplicationTests]
17:49:23.402 [main] DEBUG org.springframework.test.context.BootstrapUtils - Instantiating CacheAwareContextLoaderDelegate from class [org.springframework.test.context.cache.DefaultCacheAwareContextLoaderDelegate]
17:49:23.402 [main] DEBUG org.springframework.test.context.BootstrapUtils - Instantiating BootstrapContext using constructor [public org.springframework.test.context.support.DefaultBootstrapContext(java.lang.Class,org.springframework.test.context.CacheAwareContextLoaderDelegate)]
17:49:23.403 [main] DEBUG org.springframework.test.context.BootstrapUtils - Instantiating TestContextBootstrapper for test class [com.bezkoder.spring.data.mongodb.SpringBootDataMongodbApplicationTests] from class [org.springframework.boot.test.context.SpringBootTestContextBootstrapper]
17:49:23.404 [main] INFO org.springframework.boot.test.context.SpringBootTestContextBootstrapper - Neither @ContextConfiguration nor @ContextHierarchy found for test class [com.bezkoder.spring.data.mongodb.SpringBootDataMongodbApplicationTests], using SpringBootContextLoader
17:49:23.405 [main] DEBUG org.springframework.test.context.support.AbstractContextLoader - Did not detect default resource location for test class [com.bezkoder.spring.data.mongodb.SpringBootDataMongodbApplicationTests]: class path resource [com/bezkoder/spring/data/mongodb/SpringBootDataMongodbApplicationTests-context.xml] does not exist
17:49:23.405 [main] DEBUG org.springframework.test.context.support.AbstractContextLoader - Did not detect default resource location for test class [com.bezkoder.spring.data.mongodb.SpringBootDataMongodbApplicationTests]: class path resource [com/bezkoder/spring/data/mongodb/SpringBootDataMongodbApplicationTestsContext.groovy] does not exist
17:49:23.405 [main] INFO org.springframework.test.context.support.AbstractContextLoader - Could not detect default resource locations for test class [com.bezkoder.spring.data.mongodb.SpringBootDataMongodbApplicationTests]: no resource found for suffixes {-context.xml, Context.groovy}.
17:49:23.405 [main] INFO org.springframework.test.context.support.AnnotationConfigContextLoaderUtils - Could not detect default configuration classes for test class [com.bezkoder.spring.data.mongodb.SpringBootDataMongodbApplicationTests]: SpringBootDataMongodbApplicationTests does not declare any static, non-private, non-final, nested classes annotated with @Configuration.
17:49:23.407 [main] DEBUG org.springframework.test.context.support.ActiveProfilesUtils - Could not find an 'annotation declaring class' for annotation type [org.springframework.test.context.ActiveProfiles] and class [com.bezkoder.spring.data.mongodb.SpringBootDataMongodbApplicationTests]
]]></system-out>
  </testcase>
</testsuite>